[2026-05-21 12:00] BY Antigravity
- TYPE: 【初始化项目】
- DETAILS: 首次创建并设计实证模拟实验室沙盒（`empirical-playground/`）项目目录框架。

[2026-05-21 12:02] BY Antigravity
- TYPE: 【依赖配置】
- DETAILS: 生成 `requirements.txt` 和 `.gitignore` 文件，定义轻量级仿真及 `ipywidgets` 交互依赖。

[2026-05-21 12:04] BY Antigravity
- TYPE: 【技能固化】
- DETAILS: 编写 `ai-coding-skills.md` 协同指南，用于后续 AI 一键环境搭建、低 AI 腔学术文风规范和文档自动化同步规范。

[2026-05-21 12:05] BY Antigravity
- TYPE: 【日志归档】
- DETAILS: 初始化并编写 `prompt-thoughts-log/prompt_thoughts_archive.md` 和本操作历史日志文件。

[2026-05-21 12:20] BY Antigravity
- TYPE: 【导入与扩展实验】
- DETAILS: 创建子目录 `labs/Clustering MonteCarlo`，导入 L3 Jupyter Notebook。设计并实现具有极简黑金拟物美学、高能 JS 并行计算引擎的 `bdm_simulation_dashboard.html` 主力交互网页沙盒，提供 IID、HC1 与组聚类的大比拼以及 t 统计量胖尾分布、置信区间物理覆盖图的核密度动态渲染。编写了 `bdm_academic_review.md` 拆解蒙特卡洛平行宇宙的直觉。

[2026-05-21 15:45] BY Antigravity
- TYPE: 【仿真 Debug 与公式对齐】
- DETAILS: 修复 Jupyter 蒙特卡洛仿真中因未对面板时间轴进行 `.sort_values(['id', 't'])` 排序导致滞后项出现 NaN 链式泄露的 Bug。手动实现并精确对齐了 Stata 与 Python 的有限样本自由度纠偏乘子 $q = \frac{G}{G-1} \times \frac{M-1}{M-k}$，输出学术级回归比对表格。

[2026-05-21 18:30] BY Antigravity
- TYPE: 【可视化升级】
- DETAILS: 升级交互式网页看板，实现双图表同时渲染：包含 1) 精准核密度估计（KDE）拟合的 $t$-统计量胖尾分布曲线；2) 自主实现的 Rademacher 权重 Wild Bootstrap 物理置信区间覆盖体检图。

[2026-05-22 09:15] BY Antigravity
- TYPE: 【目录重构与路径安全化】
- DETAILS: 将带有空格的 `Clustering MonteCarlo` 文件夹更名为 `clustering-montecarlo`，消除在部分终端运行 `run_dashboard.bat` 或 shell 脚本时的转义截断隐患。统一并完成了前沿“Frontiers”选项卡的全部交互计算与多维自相关侵害退化速度柱状图。

[2026-05-22 10:55] BY Antigravity
- TYPE: 【历史对话高保真压缩】
- DETAILS: 应用户要求，对前 5 次核心长对话的开发脉络、设计决策、数理直觉和关键修复进行高保真压缩。更新了 `prompt_thoughts_archive.md` 和操作日志，生成了专门的沉淀沉淀文件 `prompt-thoughts-log/compressed_conversations_summary.md` 及系统 Artifact 存档。

[2026-05-22 13:45] BY Antigravity
- TYPE: 【算法审计与小样本纠偏修复】
- DETAILS: 解决 Wild Bootstrap 在小样本下出现 100% 过度拒绝的严重 Bug。原因在于原 JS 代码错误使用了“非限制性残差（Unrestricted Residuals）”；在小样本且少数治疗组（如 G=6, Treated=1）下，OLS 过度拟合该组数据，使得该组残差塌陷为0，致使 Bootstrap 的 t-统计量失去方差并锁定为0，零假设被 100% 拒绝。现已全面重构为经典的“限制性残差（Restricted Residuals under H0）”算法，并同步补齐了 one-way 及 time-level cluster 的有限样本自由度纠偏乘子 $\frac{M-1}{M-k}$，彻底实现与 Stata / Python 精度绝对对齐。

[2026-05-22 13:55] BY Antigravity
- TYPE: 【退化分析全面补齐与图文对齐】
- DETAILS: 1) 将“三维退化测试”及图表全面升级为包含 IID 经典、HC1 稳健、单向省份聚类、双向聚类、限制性 Wild Cluster Bootstrap 的完整五维标准误大比拼；2) 引入观测时期数 $T$ 可调参数，并重构 DGP 使其以 $\lfloor T / 2 \rfloor$ 作为干预始点实现动态伸缩；3) 全面修订并重写了退化速度图表底部的“侵害规律图注解读”，将双重聚类和 Bootstrap 的防守韧性及数理依据一并写明，实现图文的完美对齐与严谨自洽；4) 成功推送到 GitHub 远程仓库并通过 GitHack 部署上线。

[2026-05-22 17:35] BY Antigravity
- TYPE: 【新增实验导航首页】
- DETAILS: 1) 在沙盒项目根目录下创建主导航入口 index.html，设计高阶暗金磨砂玻璃拟物美学风格；2) 汇总集成了 CLT、大数定律、OLS 性质、遗漏变量偏差(OVB)、工具变量(IV)以及 BDM (2004) 聚类回归共 6 个交互式 HTML5 看板；3) 准备就绪以部署至 GitHub Pages 并实现多项目一站式无缝分发。

